2022-10-22 22:15:20.420 init_logger at 2022-10-22 22:15:20.420068
2022-10-22 22:15:21.656 Uncaught app exception
Traceback (most recent call last):
  File "/Library/Frameworks/Python.framework/Versions/3.9/lib/python3.9/site-packages/streamlit/scriptrunner/script_runner.py", line 557, in _run_script
    exec(code, module.__dict__)
  File "App/main.py", line 11, in <module>
    im = Image.open("App/favicon.png")
  File "/Library/Frameworks/Python.framework/Versions/3.9/lib/python3.9/site-packages/PIL/Image.py", line 3092, in open
    fp = builtins.open(filename, "rb")
FileNotFoundError: [Errno 2] No such file or directory: 'App/favicon.png'
2022-10-22 22:15:21.657 Uncaught app exception
Traceback (most recent call last):
  File "/Library/Frameworks/Python.framework/Versions/3.9/lib/python3.9/site-packages/streamlit/scriptrunner/script_runner.py", line 557, in _run_script
    exec(code, module.__dict__)
  File "App/main.py", line 11, in <module>
    im = Image.open("App/favicon.png")
  File "/Library/Frameworks/Python.framework/Versions/3.9/lib/python3.9/site-packages/PIL/Image.py", line 3092, in open
    fp = builtins.open(filename, "rb")
FileNotFoundError: [Errno 2] No such file or directory: 'App/favicon.png'
2022-10-22 22:15:21.657 Uncaught app exception
Traceback (most recent call last):
  File "/Library/Frameworks/Python.framework/Versions/3.9/lib/python3.9/site-packages/streamlit/scriptrunner/script_runner.py", line 557, in _run_script
    exec(code, module.__dict__)
  File "App/main.py", line 11, in <module>
    im = Image.open("App/favicon.png")
  File "/Library/Frameworks/Python.framework/Versions/3.9/lib/python3.9/site-packages/PIL/Image.py", line 3092, in open
    fp = builtins.open(filename, "rb")
FileNotFoundError: [Errno 2] No such file or directory: 'App/favicon.png'
2022-10-22 22:18:39.076 Image preprossing completed
2022-10-22 22:18:45.955 Feture Selection Completed
2022-10-22 22:18:46.058 Prediction Successfull
2022-10-22 22:18:46.059 Prediction Successfull
2022-10-22 22:18:46.059 Prediction Successfull
2022-10-22 22:18:46.060 Prediction Successfull
